0	1	mikroCARM.exe -MSF -DBG -pSTM32F407VG -RA -LHF -DL -SSA -O11111114 -fo140 -N"D:\ÝTÜ\MikroC TEZ\DCVA_GUI_LAST_TEZ\DCVA_GUI_LAST\DCVA_GUI_Code\mikroC PRO for ARM\DCVA_GUI.mcpar" -SP"C:\Users\Public\Documents\Mikroelektronika\mikroC PRO for ARM\defs\" -SP"D:\ÝTÜ\MikroC TEZ\DCVA_GUI_LAST_TEZ\DCVA_GUI_LAST\DCVA_GUI_Code\mikroC PRO for ARM\" -SP"C:\Users\Public\Documents\Mikroelektronika\mikroC PRO for ARM\Examples\STM32\Development Systems\mikromedia for STM32 M4\DCVA_GUI_Code\mikroC PRO for ARM\" -SP"C:\Users\Public\Documents\Mikroelektronika\mikroC PRO for ARM\Uses\ST M4\" -IP"C:\Users\Public\Documents\Mikroelektronika\mikroC PRO for ARM\Examples\STM32\Development Systems\mikromedia for STM32 M4\DCVA_GUI_Code\mikroC PRO for ARM\" -IP"C:\Users\toshýba\Desktop\umit\DCVA EXAMPLE 192Kbyte\DCVA_Code\mikroC PRO for ARM\" -IP"D:\ÝTÜ\MikroC TEZ\DCVA_GUI_LAST_TEZ\DCVA_GUI_LAST\DCVA_GUI_Code\mikroC PRO for ARM\" "DCVA_GUI_main.c" "DCVA_GUI_events_code.c" "DCVA_GUI_driver.c" "DCVA_GUI_resources.c" "__Lib_Math.emcl" "__Lib_MathDouble.emcl" "__Lib_Delays.emcl" "__Lib_System_4XX.emcl" "__Lib_GPIO_32F4xx.emcl" "__Lib_CType.emcl" "__Lib_CString.emcl" "__Lib_CStdlib.emcl" "__Lib_CMath.emcl" "__Lib_Conversions.emcl" "__Lib_ADC_123_32F20x_16ch.emcl" "__Lib_SPI_123.emcl" "__Lib_SDIO.emcl" "__Lib_Mmc_SDIO.emcl" "__Lib_MmcFat16.emcl" "__Lib_MmcFat16Constants.emcl" "__Lib_TFT.emcl" "__Lib_TFT_Defs.emcl" "__Lib_TouchPanel_TFT.emcl"	 
warning: 0	1501	Specified search path does not exist: 'C:\Users\Public\Documents\Mikroelektronika\mikroC PRO for ARM\Examples\STM32\Development Systems\mikromedia for STM32 M4\DCVA_GUI_Code\mikroC PRO for ARM'	 
warning: 0	1502	Specified include path does not exist: 'C:\Users\Public\Documents\Mikroelektronika\mikroC PRO for ARM\Examples\STM32\Development Systems\mikromedia for STM32 M4\DCVA_GUI_Code\mikroC PRO for ARM'	 
warning: 0	1502	Specified include path does not exist: 'C:\Users\toshýba\Desktop\umit\DCVA EXAMPLE 192Kbyte\DCVA_Code\mikroC PRO for ARM'	 
diagnostics: 0	122	Compilation Started	STM32F407VG.c
diagnostics: 57000	123	Compiled Successfully	STM32F407VG.c
diagnostics: 0	122	Compilation Started	__Lib_Delays.c
diagnostics: 115	123	Compiled Successfully	__Lib_Delays.c
hint: 84	1164	Variable 'NumberOfCyc' has been eliminated by optimizer	__Lib_Delays.c
hint: 101	1164	Variable 'NumberOfCyc' has been eliminated by optimizer	__Lib_Delays.c
diagnostics: 0	122	Compilation Started	__Lib_MmcFat16Constants.c
diagnostics: 73	123	Compiled Successfully	__Lib_MmcFat16Constants.c
diagnostics: 0	122	Compilation Started	__Lib_TFT_Defs.c
warning: 94	1508	Implicit conversion of int to ptr	__Lib_TFT_Defs.c
warning: 106	1508	Implicit conversion of int to ptr	__Lib_TFT_Defs.c
warning: 118	1508	Implicit conversion of int to ptr	__Lib_TFT_Defs.c
warning: 130	1508	Implicit conversion of int to ptr	__Lib_TFT_Defs.c
warning: 139	1508	Implicit conversion of int to ptr	__Lib_TFT_Defs.c
warning: 156	1508	Implicit conversion of int to ptr	__Lib_TFT_Defs.c
diagnostics: 2747	123	Compiled Successfully	__Lib_TFT_Defs.c
hint: 44	1164	Variable 'temp' has been eliminated by optimizer	__Lib_TFT_Defs.c
diagnostics: 0	122	Compilation Started	dcva_gui_objects.h
diagnostics: 30	123	Compiled Successfully	DCVA_GUI_main.c
diagnostics: 0	122	Compilation Started	dcva_gui_objects.h
warning: 118	1503	Result is not defined in function: 'ValueZero'	DCVA_GUI_events_code.c
diagnostics: 730	123	Compiled Successfully	DCVA_GUI_events_code.c
diagnostics: 0	122	Compilation Started	dcva_gui_objects.h
warning: 472	1508	Implicit conversion of int to ptr	DCVA_GUI_driver.c
warning: 491	1508	Implicit conversion of int to ptr	DCVA_GUI_driver.c
warning: 514	1508	Implicit conversion of int to ptr	DCVA_GUI_driver.c
warning: 530	1508	Implicit conversion of int to ptr	DCVA_GUI_driver.c
warning: 546	1508	Implicit conversion of int to ptr	DCVA_GUI_driver.c
warning: 566	1508	Implicit conversion of int to ptr	DCVA_GUI_driver.c
warning: 589	1508	Implicit conversion of int to ptr	DCVA_GUI_driver.c
warning: 606	1508	Implicit conversion of int to ptr	DCVA_GUI_driver.c
warning: 622	1508	Implicit conversion of int to ptr	DCVA_GUI_driver.c
warning: 641	1508	Implicit conversion of int to ptr	DCVA_GUI_driver.c
warning: 664	1508	Implicit conversion of int to ptr	DCVA_GUI_driver.c
warning: 685	1508	Implicit conversion of int to ptr	DCVA_GUI_driver.c
warning: 714	1508	Implicit conversion of int to ptr	DCVA_GUI_driver.c
warning: 743	1508	Implicit conversion of int to ptr	DCVA_GUI_driver.c
warning: 772	1508	Implicit conversion of int to ptr	DCVA_GUI_driver.c
warning: 801	1508	Implicit conversion of int to ptr	DCVA_GUI_driver.c
warning: 830	1508	Implicit conversion of int to ptr	DCVA_GUI_driver.c
warning: 859	1508	Implicit conversion of int to ptr	DCVA_GUI_driver.c
warning: 888	1508	Implicit conversion of int to ptr	DCVA_GUI_driver.c
warning: 912	1508	Implicit conversion of int to ptr	DCVA_GUI_driver.c
warning: 928	1508	Implicit conversion of int to ptr	DCVA_GUI_driver.c
warning: 947	1508	Implicit conversion of int to ptr	DCVA_GUI_driver.c
warning: 972	1508	Implicit conversion of int to ptr	DCVA_GUI_driver.c
warning: 998	1508	Implicit conversion of int to ptr	DCVA_GUI_driver.c
warning: 1014	1508	Implicit conversion of int to ptr	DCVA_GUI_driver.c
warning: 1145	1508	Implicit conversion of int to ptr	DCVA_GUI_driver.c
warning: 1184	1508	Implicit conversion of int to ptr	DCVA_GUI_driver.c
warning: 1200	1508	Implicit conversion of int to ptr	DCVA_GUI_driver.c
warning: 1216	1508	Implicit conversion of int to ptr	DCVA_GUI_driver.c
warning: 1232	1508	Implicit conversion of int to ptr	DCVA_GUI_driver.c
warning: 1248	1508	Implicit conversion of int to ptr	DCVA_GUI_driver.c
warning: 1264	1508	Implicit conversion of int to ptr	DCVA_GUI_driver.c
warning: 1318	1506	Implicit conversion of pointer to int	DCVA_GUI_driver.c
warning: 1331	1506	Implicit conversion of pointer to int	DCVA_GUI_driver.c
warning: 1338	1506	Implicit conversion of pointer to int	DCVA_GUI_driver.c
warning: 1357	1506	Implicit conversion of pointer to int	DCVA_GUI_driver.c
warning: 1387	1506	Implicit conversion of pointer to int	DCVA_GUI_driver.c
warning: 1490	1506	Implicit conversion of pointer to int	DCVA_GUI_driver.c
warning: 1564	1506	Implicit conversion of pointer to int	DCVA_GUI_driver.c
hint: 1587	1163	Variable 'save_bled_direction' has been declared, but not used	DCVA_GUI_driver.c
diagnostics: 2150	123	Compiled Successfully	DCVA_GUI_driver.c
hint: 1503	1164	Variable '_tmpI' has been eliminated by optimizer	DCVA_GUI_driver.c
diagnostics: 0	122	Compilation Started	DCVA_GUI_resources.c
diagnostics: 8	123	Compiled Successfully	DCVA_GUI_resources.c
diagnostics: 0	127	All files Compiled in 5570 ms	 
hint: 0	1144	Used RX: 16 (100%)   Free RX: 0 (0%)	Used RX: 16 (100%)   Free RX: 0 (0%)
hint: 0	1144	Static RAM (bytes): 130024   Dynamic RAM (bytes): 1045	Static RAM (bytes): 130024   Dynamic RAM (bytes): 1045
hint: 0	1144	Used ROM (bytes): 793046 (76%)  Free ROM (bytes): 255530 (24%)	Used ROM (bytes): 793046 (76%)  Free ROM (bytes): 255530 (24%)
diagnostics: 0	125	Project Linked Successfully	DCVA_GUI.mcpar
diagnostics: 0	128	Linked in 2652 ms	 
diagnostics: 0	129	Project 'DCVA_GUI.mcpar' completed: 10265 ms	 
diagnostics: 0	103	Finished successfully: 10 Jul 2013, 13:09:23	DCVA_GUI.mcpar
